[debug] [2019-10-08T09:33:20.615Z] ----------------------------------------------------------------------
[debug] [2019-10-08T09:33:20.617Z] Command:       /usr/local/bin/node /usr/local/bin/firebase serve
[debug] [2019-10-08T09:33:20.617Z] CLI Version:   7.3.2
[debug] [2019-10-08T09:33:20.617Z] Platform:      darwin
[debug] [2019-10-08T09:33:20.618Z] Node Version:  v10.15.3
[debug] [2019-10-08T09:33:20.618Z] Time:          Tue Oct 08 2019 17:33:20 GMT+0800 (Ulaanbaatar Standard Time)
[debug] [2019-10-08T09:33:20.619Z] ----------------------------------------------------------------------
[debug] 
[debug] [2019-10-08T09:33:20.626Z] > command requires scopes: ["email","openid","https://www.googleapis.com/auth/cloudplatformprojects.readonly","https://www.googleapis.com/auth/firebase","https://www.googleapis.com/auth/cloud-platform"]
[debug] [2019-10-08T09:33:20.626Z] > authorizing via signed-in user
[debug] [2019-10-08T09:33:20.626Z] [iam] checking project pacman-bc51b for permissions ["firebase.projects.get"]
[debug] [2019-10-08T09:33:20.628Z] >>> HTTP REQUEST POST https://cloudresourcemanager.googleapis.com/v1/projects/pacman-bc51b:testIamPermissions  

[debug] [2019-10-08T09:33:24.954Z] <<< HTTP RESPONSE 200
[debug] [2019-10-08T09:33:24.955Z] >>> HTTP REQUEST GET https://firebase.googleapis.com/v1beta1/projects/pacman-bc51b  
 
[debug] [2019-10-08T09:33:28.492Z] <<< HTTP RESPONSE 200
[info] 
[info] === Serving from '/Users/owell/Documents/GitHub/pacman'...
[info] 
[debug] [2019-10-08T09:33:28.495Z] >>> HTTP REQUEST GET https://firebase.googleapis.com/v1beta1/projects/pacman-bc51b/webApps/-/config  
 
[debug] [2019-10-08T09:33:31.756Z] <<< HTTP RESPONSE 200
[info] i  hosting: Serving hosting files from: source
[info] ✔  hosting: Local server: http://localhost:5000
